0 info it worked if it ends with ok
1 verbose cli [ 'C:\\Program Files\\nodejs\\node.exe',
1 verbose cli   'C:\\Program Files\\nodejs\\node_modules\\npm\\bin\\npm-cli.js',
1 verbose cli   'install',
1 verbose cli   'node',
1 verbose cli   '-g' ]
2 info using npm@3.8.3
3 info using node@v5.10.1
4 silly loadCurrentTree Starting
5 silly install loadCurrentTree
6 silly install readGlobalPackageData
7 silly fetchPackageMetaData node
8 silly fetchNamedPackageData node
9 silly mapToRegistry name node
10 silly mapToRegistry using default registry
11 silly mapToRegistry registry https://registry.npmjs.org/
12 silly mapToRegistry data Result {
12 silly mapToRegistry   raw: 'node',
12 silly mapToRegistry   scope: null,
12 silly mapToRegistry   name: 'node',
12 silly mapToRegistry   rawSpec: '',
12 silly mapToRegistry   spec: 'latest',
12 silly mapToRegistry   type: 'tag' }
13 silly mapToRegistry uri https://registry.npmjs.org/node
14 verbose request uri https://registry.npmjs.org/node
15 verbose request no auth needed
16 info attempt registry request try #1 at 10:27:39 AM
17 verbose request id 3f08e7379c507c23
18 verbose etag W/"dcd19565057d1eef57af3f8e970a9804"
19 verbose lastModified Fri, 28 Jun 2019 02:25:23 GMT
20 http request GET https://registry.npmjs.org/node
21 http 304 https://registry.npmjs.org/node
22 verbose headers { date: 'Wed, 03 Jul 2019 04:57:32 GMT',
22 verbose headers   connection: 'keep-alive',
22 verbose headers   'set-cookie': [ '__cfduid=dd57f8e854275f6b6c069d2388fd363f41562129852; expires=Thu, 02-Jul-20 04:57:32 GMT; path=/; domain=.npmjs.org; HttpOnly' ],
22 verbose headers   'cf-cache-status': 'HIT',
22 verbose headers   'cache-control': 'max-age=300',
22 verbose headers   'cf-ray': '4f06477abd29ab34-MAA',
22 verbose headers   age: '3710',
22 verbose headers   etag: '"dcd19565057d1eef57af3f8e970a9804"',
22 verbose headers   'expect-ct': 'max-age=604800, report-uri="https://report-uri.cloudflare.com/cdn-cgi/beacon/expect-ct"',
22 verbose headers   'last-modified': 'Fri, 28 Jun 2019 02:25:23 GMT',
22 verbose headers   vary: 'accept-encoding, accept',
22 verbose headers   'x-amz-meta-rev': '482-057c3b6a881c49a210d91fc3c04f7655',
22 verbose headers   server: 'cloudflare' }
23 silly get cb [ 304,
23 silly get   { date: 'Wed, 03 Jul 2019 04:57:32 GMT',
23 silly get     connection: 'keep-alive',
23 silly get     'set-cookie': [ '__cfduid=dd57f8e854275f6b6c069d2388fd363f41562129852; expires=Thu, 02-Jul-20 04:57:32 GMT; path=/; domain=.npmjs.org; HttpOnly' ],
23 silly get     'cf-cache-status': 'HIT',
23 silly get     'cache-control': 'max-age=300',
23 silly get     'cf-ray': '4f06477abd29ab34-MAA',
23 silly get     age: '3710',
23 silly get     etag: '"dcd19565057d1eef57af3f8e970a9804"',
23 silly get     'expect-ct': 'max-age=604800, report-uri="https://report-uri.cloudflare.com/cdn-cgi/beacon/expect-ct"',
23 silly get     'last-modified': 'Fri, 28 Jun 2019 02:25:23 GMT',
23 silly get     vary: 'accept-encoding, accept',
23 silly get     'x-amz-meta-rev': '482-057c3b6a881c49a210d91fc3c04f7655',
23 silly get     server: 'cloudflare' } ]
24 verbose etag https://registry.npmjs.org/node from cache
25 verbose get saving node to C:\Users\vivek\AppData\Roaming\npm-cache\registry.npmjs.org\node\.cache.json
26 verbose correctMkdir C:\Users\vivek\AppData\Roaming\npm-cache correctMkdir not in flight; initializing
27 silly install normalizeTree
28 silly loadCurrentTree Finishing
29 silly loadIdealTree Starting
30 silly install loadIdealTree
31 silly cloneCurrentTree Starting
32 silly install cloneCurrentTreeToIdealTree
33 silly cloneCurrentTree Finishing
34 silly loadShrinkwrap Starting
35 silly install loadShrinkwrap
36 silly loadShrinkwrap Finishing
37 silly loadAllDepsIntoIdealTree Starting
38 silly install loadAllDepsIntoIdealTree
39 silly resolveWithNewModule node@12.5.0 checking installable status
40 silly cache add args [ 'node', null ]
41 verbose cache add spec node
42 silly cache add parsed spec Result {
42 silly cache add   raw: 'node',
42 silly cache add   scope: null,
42 silly cache add   name: 'node',
42 silly cache add   rawSpec: '',
42 silly cache add   spec: 'latest',
42 silly cache add   type: 'tag' }
43 silly addNamed node@latest
44 verbose addNamed "latest" is being treated as a dist-tag for node
45 info addNameTag [ 'node', 'latest' ]
46 silly mapToRegistry name node
47 silly mapToRegistry using default registry
48 silly mapToRegistry registry https://registry.npmjs.org/
49 silly mapToRegistry data Result {
49 silly mapToRegistry   raw: 'node',
49 silly mapToRegistry   scope: null,
49 silly mapToRegistry   name: 'node',
49 silly mapToRegistry   rawSpec: '',
49 silly mapToRegistry   spec: 'latest',
49 silly mapToRegistry   type: 'tag' }
50 silly mapToRegistry uri https://registry.npmjs.org/node
51 verbose addNameTag registry:https://registry.npmjs.org/node not in flight; fetching
52 verbose get https://registry.npmjs.org/node not expired, no request
53 silly addNameTag next cb for node with tag latest
54 silly addNamed node@12.5.0
55 verbose addNamed "12.5.0" is a plain semver version for node
56 silly cache afterAdd node@12.5.0
57 verbose afterAdd C:\Users\vivek\AppData\Roaming\npm-cache\node\12.5.0\package\package.json not in flight; writing
58 verbose correctMkdir C:\Users\vivek\AppData\Roaming\npm-cache correctMkdir not in flight; initializing
59 verbose afterAdd C:\Users\vivek\AppData\Roaming\npm-cache\node\12.5.0\package\package.json written
60 silly fetchNamedPackageData node-bin-setup
61 silly mapToRegistry name node-bin-setup
62 silly mapToRegistry using default registry
63 silly mapToRegistry registry https://registry.npmjs.org/
64 silly mapToRegistry data Result {
64 silly mapToRegistry   raw: 'node-bin-setup',
64 silly mapToRegistry   scope: null,
64 silly mapToRegistry   name: 'node-bin-setup',
64 silly mapToRegistry   rawSpec: '',
64 silly mapToRegistry   spec: 'latest',
64 silly mapToRegistry   type: 'tag' }
65 silly mapToRegistry uri https://registry.npmjs.org/node-bin-setup
66 verbose request uri https://registry.npmjs.org/node-bin-setup
67 verbose request no auth needed
68 info attempt registry request try #1 at 10:27:40 AM
69 verbose etag W/"696d6ec470fda56a33885508a280edab"
70 verbose lastModified Sun, 27 May 2018 09:55:03 GMT
71 http request GET https://registry.npmjs.org/node-bin-setup
72 http 304 https://registry.npmjs.org/node-bin-setup
73 verbose headers { date: 'Wed, 03 Jul 2019 04:57:32 GMT',
73 verbose headers   connection: 'keep-alive',
73 verbose headers   'set-cookie': [ '__cfduid=dd57f8e854275f6b6c069d2388fd363f41562129852; expires=Thu, 02-Jul-20 04:57:32 GMT; path=/; domain=.npmjs.org; HttpOnly' ],
73 verbose headers   'cf-cache-status': 'HIT',
73 verbose headers   'cache-control': 'max-age=300',
73 verbose headers   'cf-ray': '4f06477cdfb3ab34-MAA',
73 verbose headers   age: '3705',
73 verbose headers   etag: '"696d6ec470fda56a33885508a280edab"',
73 verbose headers   'expect-ct': 'max-age=604800, report-uri="https://report-uri.cloudflare.com/cdn-cgi/beacon/expect-ct"',
73 verbose headers   'last-modified': 'Sun, 27 May 2018 09:55:03 GMT',
73 verbose headers   vary: 'accept-encoding, accept',
73 verbose headers   server: 'cloudflare' }
74 silly get cb [ 304,
74 silly get   { date: 'Wed, 03 Jul 2019 04:57:32 GMT',
74 silly get     connection: 'keep-alive',
74 silly get     'set-cookie': [ '__cfduid=dd57f8e854275f6b6c069d2388fd363f41562129852; expires=Thu, 02-Jul-20 04:57:32 GMT; path=/; domain=.npmjs.org; HttpOnly' ],
74 silly get     'cf-cache-status': 'HIT',
74 silly get     'cache-control': 'max-age=300',
74 silly get     'cf-ray': '4f06477cdfb3ab34-MAA',
74 silly get     age: '3705',
74 silly get     etag: '"696d6ec470fda56a33885508a280edab"',
74 silly get     'expect-ct': 'max-age=604800, report-uri="https://report-uri.cloudflare.com/cdn-cgi/beacon/expect-ct"',
74 silly get     'last-modified': 'Sun, 27 May 2018 09:55:03 GMT',
74 silly get     vary: 'accept-encoding, accept',
74 silly get     server: 'cloudflare' } ]
75 verbose etag https://registry.npmjs.org/node-bin-setup from cache
76 verbose get saving node-bin-setup to C:\Users\vivek\AppData\Roaming\npm-cache\registry.npmjs.org\node-bin-setup\.cache.json
77 verbose correctMkdir C:\Users\vivek\AppData\Roaming\npm-cache correctMkdir not in flight; initializing
78 silly resolveWithNewModule node-bin-setup@1.0.6 checking installable status
79 silly cache add args [ 'node-bin-setup@^1.0.0', null ]
80 verbose cache add spec node-bin-setup@^1.0.0
81 silly cache add parsed spec Result {
81 silly cache add   raw: 'node-bin-setup@^1.0.0',
81 silly cache add   scope: null,
81 silly cache add   name: 'node-bin-setup',
81 silly cache add   rawSpec: '^1.0.0',
81 silly cache add   spec: '>=1.0.0 <2.0.0',
81 silly cache add   type: 'range' }
82 silly addNamed node-bin-setup@>=1.0.0 <2.0.0
83 verbose addNamed ">=1.0.0 <2.0.0" is a valid semver range for node-bin-setup
84 silly addNameRange { name: 'node-bin-setup',
84 silly addNameRange   range: '>=1.0.0 <2.0.0',
84 silly addNameRange   hasData: false }
85 silly mapToRegistry name node-bin-setup
86 silly mapToRegistry using default registry
87 silly mapToRegistry registry https://registry.npmjs.org/
88 silly mapToRegistry data Result {
88 silly mapToRegistry   raw: 'node-bin-setup',
88 silly mapToRegistry   scope: null,
88 silly mapToRegistry   name: 'node-bin-setup',
88 silly mapToRegistry   rawSpec: '',
88 silly mapToRegistry   spec: 'latest',
88 silly mapToRegistry   type: 'tag' }
89 silly mapToRegistry uri https://registry.npmjs.org/node-bin-setup
90 verbose addNameRange registry:https://registry.npmjs.org/node-bin-setup not in flight; fetching
91 verbose get https://registry.npmjs.org/node-bin-setup not expired, no request
92 silly addNameRange number 2 { name: 'node-bin-setup',
92 silly addNameRange   range: '>=1.0.0 <2.0.0',
92 silly addNameRange   hasData: true }
93 silly addNameRange versions [ 'node-bin-setup',
93 silly addNameRange   [ '1.0.0', '1.0.1', '1.0.2', '1.0.3', '1.0.4', '1.0.6' ] ]
94 silly addNamed node-bin-setup@1.0.6
95 verbose addNamed "1.0.6" is a plain semver version for node-bin-setup
96 silly cache afterAdd node-bin-setup@1.0.6
97 verbose afterAdd C:\Users\vivek\AppData\Roaming\npm-cache\node-bin-setup\1.0.6\package\package.json not in flight; writing
98 verbose correctMkdir C:\Users\vivek\AppData\Roaming\npm-cache correctMkdir not in flight; initializing
99 verbose afterAdd C:\Users\vivek\AppData\Roaming\npm-cache\node-bin-setup\1.0.6\package\package.json written
100 silly loadAllDepsIntoIdealTree Finishing
101 silly idealTree:prePrune npm
101 silly idealTree:prePrune `-- node@12.5.0
101 silly idealTree:prePrune   `-- node-bin-setup@1.0.6
102 silly loadIdealTree Finishing
103 silly currentTree npm
104 silly idealTree npm
104 silly idealTree `-- node@12.5.0
104 silly idealTree   `-- node-bin-setup@1.0.6
105 silly generateActionsToTake Starting
106 silly install generateActionsToTake
107 silly generateActionsToTake Finishing
108 silly diffTrees action count 2
109 silly diffTrees add node-bin-setup@1.0.6
110 silly diffTrees add node@12.5.0
111 silly decomposeActions action count 16
112 silly decomposeActions fetch node-bin-setup@1.0.6
113 silly decomposeActions extract node-bin-setup@1.0.6
114 silly decomposeActions test node-bin-setup@1.0.6
115 silly decomposeActions preinstall node-bin-setup@1.0.6
116 silly decomposeActions build node-bin-setup@1.0.6
117 silly decomposeActions install node-bin-setup@1.0.6
118 silly decomposeActions postinstall node-bin-setup@1.0.6
119 silly decomposeActions finalize node-bin-setup@1.0.6
120 silly decomposeActions fetch node@12.5.0
121 silly decomposeActions extract node@12.5.0
122 silly decomposeActions test node@12.5.0
123 silly decomposeActions preinstall node@12.5.0
124 silly decomposeActions build node@12.5.0
125 silly decomposeActions install node@12.5.0
126 silly decomposeActions postinstall node@12.5.0
127 silly decomposeActions finalize node@12.5.0
128 silly executeActions Starting
129 silly install executeActions
130 silly doSerial global-install 0
131 silly doParallel fetch 2
132 verbose correctMkdir C:\Users\vivek\AppData\Roaming\npm-cache\_locks correctMkdir not in flight; initializing
133 verbose lock using C:\Users\vivek\AppData\Roaming\npm-cache\_locks\staging-f844c8e5b4646b22.lock for C:\Users\vivek\AppData\Roaming\npm\node_modules\.staging
134 silly doParallel extract 2
135 silly extract node-bin-setup@1.0.6
136 silly extract node@12.5.0
137 verbose unbuild node_modules\.staging\node-bin-setup-2e9da4a8
138 silly gentlyRm C:\Users\vivek\AppData\Roaming\npm\node_modules\.staging\node-bin-setup-2e9da4a8 is being purged from base C:\Users\vivek\AppData\Roaming\npm
139 verbose gentlyRm don't care about contents; nuking C:\Users\vivek\AppData\Roaming\npm\node_modules\.staging\node-bin-setup-2e9da4a8
140 verbose tar unpack C:\Users\vivek\AppData\Roaming\npm-cache\node-bin-setup\1.0.6\package.tgz
141 verbose tar unpacking to C:\Users\vivek\AppData\Roaming\npm\node_modules\.staging\node-bin-setup-2e9da4a8
142 silly gentlyRm C:\Users\vivek\AppData\Roaming\npm\node_modules\.staging\node-bin-setup-2e9da4a8 is being purged
143 verbose gentlyRm don't care about contents; nuking C:\Users\vivek\AppData\Roaming\npm\node_modules\.staging\node-bin-setup-2e9da4a8
144 verbose unbuild node_modules\.staging\node-9917d706
145 silly gunzTarPerm modes [ '777', '666' ]
146 silly gentlyRm C:\Users\vivek\AppData\Roaming\npm\node_modules\.staging\node-9917d706 is being purged from base C:\Users\vivek\AppData\Roaming\npm
147 verbose gentlyRm don't care about contents; nuking C:\Users\vivek\AppData\Roaming\npm\node_modules\.staging\node-9917d706
148 verbose tar unpack C:\Users\vivek\AppData\Roaming\npm-cache\node\12.5.0\package.tgz
149 verbose tar unpacking to C:\Users\vivek\AppData\Roaming\npm\node_modules\.staging\node-9917d706
150 silly gentlyRm C:\Users\vivek\AppData\Roaming\npm\node_modules\.staging\node-9917d706 is being purged
151 verbose gentlyRm don't care about contents; nuking C:\Users\vivek\AppData\Roaming\npm\node_modules\.staging\node-9917d706
152 silly gunzTarPerm modes [ '777', '666' ]
153 silly gunzTarPerm extractEntry package.json
154 silly gunzTarPerm modified mode [ 'package.json', 420, 438 ]
155 silly gunzTarPerm extractEntry package.json
156 silly gunzTarPerm modified mode [ 'package.json', 420, 438 ]
157 silly gunzTarPerm extractEntry index.js
158 silly gunzTarPerm modified mode [ 'index.js', 420, 438 ]
159 silly gunzTarPerm extractEntry installArchSpecificPackage.js
160 silly gunzTarPerm modified mode [ 'installArchSpecificPackage.js', 420, 438 ]
161 silly gunzTarPerm extractEntry README.md
162 silly gunzTarPerm modified mode [ 'README.md', 420, 438 ]
163 silly gentlyRm C:\Users\vivek\AppData\Roaming\npm\node_modules\.staging\node-bin-setup-2e9da4a8\node_modules is being purged
164 verbose gentlyRm don't care about contents; nuking C:\Users\vivek\AppData\Roaming\npm\node_modules\.staging\node-bin-setup-2e9da4a8\node_modules
165 silly gentlyRm C:\Users\vivek\AppData\Roaming\npm\node_modules\.staging\node-9917d706\node_modules is being purged
166 verbose gentlyRm don't care about contents; nuking C:\Users\vivek\AppData\Roaming\npm\node_modules\.staging\node-9917d706\node_modules
167 silly doParallel preinstall 2
168 silly preinstall node-bin-setup@1.0.6 C:\Users\vivek\AppData\Roaming\npm\node_modules\.staging\node-bin-setup-2e9da4a8
169 info lifecycle node-bin-setup@1.0.6~preinstall: node-bin-setup@1.0.6
170 silly preinstall node@12.5.0 C:\Users\vivek\AppData\Roaming\npm\node_modules\.staging\node-9917d706
171 info lifecycle node@12.5.0~preinstall: node@12.5.0
172 silly lifecycle node-bin-setup@1.0.6~preinstall: no script for preinstall, continuing
173 verbose lifecycle node@12.5.0~preinstall: unsafe-perm in lifecycle true
174 verbose lifecycle node@12.5.0~preinstall: PATH: C:\Program Files\nodejs\node_modules\npm\bin\node-gyp-bin;C:\Users\vivek\AppData\Roaming\npm\node_modules\.staging\node-9917d706\node_modules\.bin;C:\Users\vivek\AppData\Roaming\npm\node_modules\.bin;C:\Program Files\nodejs;C:\Windows\system32;C:\Windows;C:\Windows\System32\Wbem;C:\Windows\System32\WindowsPowerShell\v1.0\;C:\Windows\System32\OpenSSH\;C:\Program Files\nodejs\;C:\Program Files\Git\cmd;C:\Program Files\Git\mingw64\bin;C:\Program Files\Git\usr\bin;C:\Users\vivek\AppData\Local\Microsoft\WindowsApps;C:\Users\vivek\AppData\Local\Programs\Microsoft VS Code\bin;C:\Users\vivek\AppData\Roaming\npm
175 verbose lifecycle node@12.5.0~preinstall: CWD: C:\Users\vivek\AppData\Roaming\npm\node_modules\.staging\node-9917d706
176 silly lifecycle node@12.5.0~preinstall: Args: [ '/d /s /c', 'node installArchSpecificPackage' ]
177 silly lifecycle node@12.5.0~preinstall: Returned: code: 1  signal: null
178 info lifecycle node@12.5.0~preinstall: Failed to exec preinstall script
179 verbose unlock done using C:\Users\vivek\AppData\Roaming\npm-cache\_locks\staging-f844c8e5b4646b22.lock for C:\Users\vivek\AppData\Roaming\npm\node_modules\.staging
180 silly rollbackFailedOptional Starting
181 silly rollbackFailedOptional Finishing
182 silly runTopLevelLifecycles Starting
183 silly runTopLevelLifecycles Finishing
184 silly install printInstalled
185 verbose stack Error: node@12.5.0 preinstall: `node installArchSpecificPackage`
185 verbose stack Exit status 1
185 verbose stack     at EventEmitter.<anonymous> (C:\Program Files\nodejs\node_modules\npm\lib\utils\lifecycle.js:239:16)
185 verbose stack     at emitTwo (events.js:100:13)
185 verbose stack     at EventEmitter.emit (events.js:185:7)
185 verbose stack     at ChildProcess.<anonymous> (C:\Program Files\nodejs\node_modules\npm\lib\utils\spawn.js:24:14)
185 verbose stack     at emitTwo (events.js:100:13)
185 verbose stack     at ChildProcess.emit (events.js:185:7)
185 verbose stack     at maybeClose (internal/child_process.js:850:16)
185 verbose stack     at Process.ChildProcess._handle.onexit (internal/child_process.js:215:5)
186 verbose pkgid node@12.5.0
187 verbose cwd E:\Learning Projects\Udemy\UdemyReactRedux
188 error Windows_NT 10.0.17763
189 error argv "C:\\Program Files\\nodejs\\node.exe" "C:\\Program Files\\nodejs\\node_modules\\npm\\bin\\npm-cli.js" "install" "node" "-g"
190 error node v5.10.1
191 error npm  v3.8.3
192 error code ELIFECYCLE
193 error node@12.5.0 preinstall: `node installArchSpecificPackage`
193 error Exit status 1
194 error Failed at the node@12.5.0 preinstall script 'node installArchSpecificPackage'.
194 error Make sure you have the latest version of node.js and npm installed.
194 error If you do, this is most likely a problem with the node package,
194 error not with npm itself.
194 error Tell the author that this fails on your system:
194 error     node installArchSpecificPackage
194 error You can get information on how to open an issue for this project with:
194 error     npm bugs node
194 error Or if that isn't available, you can get their info via:
194 error     npm owner ls node
194 error There is likely additional logging output above.
195 verbose exit [ 1, true ]
